This file contains any messages produced by compilers while
running configure, to aid debugging if configure makes a mistake.

It was created by junkbox_lib configure 1.8.2, which was
generated by GNU Autoconf 2.69.  Invocation command line was

  $ ./configure --enable-ssl

## --------- ##
## Platform. ##
## --------- ##

hostname = antares
uname -m = x86_64
uname -r = 4.18.0-425.19.2.el8_7.x86_64
uname -s = Linux
uname -v = #1 SMP Tue Apr 4 22:38:11 UTC 2023

/usr/bin/uname -p = x86_64
/bin/uname -X     = unknown

/bin/arch              = x86_64
/usr/bin/arch -k       = unknown
/usr/convex/getsysinfo = unknown
/usr/bin/hostinfo      = unknown
/bin/machine           = unknown
/usr/bin/oslevel       = unknown
/bin/universe          = unknown

PATH: /usr/local/cuda-12.0/bin
PATH: /usr/java/default/bin
PATH: /usr/local/bin
PATH: /usr/bin
PATH: /bin
PATH: /usr/X11R6/bin
PATH: /sbin
PATH: /usr/sbin


## ----------- ##
## Core tests. ##
## ----------- ##

configure:2381: checking for a BSD-compatible install
configure:2449: result: /usr/bin/install -c
configure:2460: checking whether build environment is sane
configure:2515: result: yes
configure:2553: WARNING: 'missing' script is too old or missing
configure:2666: checking for a thread-safe mkdir -p
configure:2705: result: /usr/bin/mkdir -p
configure:2712: checking for gawk
configure:2728: found /usr/bin/gawk
configure:2739: result: gawk
configure:2750: checking whether make sets $(MAKE)
configure:2772: result: yes
configure:2801: checking whether make supports nested variables
configure:2818: result: yes
configure:3443: checking for gcc
configure:3459: found /usr/bin/gcc
configure:3470: result: gcc
configure:3699: checking for C compiler version
configure:3708: gcc --version >&5
gcc (GCC) 8.5.0 20210514 (Red Hat 8.5.0-16)
Copyright (C) 2018 Free Software Foundation, Inc.
This is free software; see the source for copying conditions.  There is NO
warranty; not even for MERCHANTABILITY or FITNESS FOR A PARTICULAR PURPOSE.

configure:3719: $? = 0
configure:3708: gcc -v >&5
Using built-in specs.
COLLECT_GCC=gcc
COLLECT_LTO_WRAPPER=/usr/libexec/gcc/x86_64-redhat-linux/8/lto-wrapper
OFFLOAD_TARGET_NAMES=nvptx-none
OFFLOAD_TARGET_DEFAULT=1
Target: x86_64-redhat-linux
Configured with: ../configure --enable-bootstrap --enable-languages=c,c++,fortran,lto --prefix=/usr --mandir=/usr/share/man --infodir=/usr/share/info --with-bugurl=https://bugs.rockylinux.org/ --enable-shared --enable-threads=posix --enable-checking=release --enable-multilib --with-system-zlib --enable-__cxa_atexit --disable-libunwind-exceptions --enable-gnu-unique-object --enable-linker-build-id --with-gcc-major-version-only --with-linker-hash-style=gnu --enable-plugin --enable-initfini-array --with-isl --disable-libmpx --enable-offload-targets=nvptx-none --without-cuda-driver --enable-gnu-indirect-function --enable-cet --with-tune=generic --with-arch_32=x86-64 --build=x86_64-redhat-linux
Thread model: posix
gcc version 8.5.0 20210514 (Red Hat 8.5.0-16) (GCC) 
configure:3719: $? = 0
configure:3708: gcc -V >&5
gcc: error: unrecognized command line option '-V'
gcc: fatal error: no input files
compilation terminated.
configure:3719: $? = 1
configure:3708: gcc -qversion >&5
gcc: error: unrecognized command line option '-qversion'; did you mean '--version'?
gcc: fatal error: no input files
compilation terminated.
configure:3719: $? = 1
configure:3739: checking whether the C compiler works
configure:3761: gcc    conftest.c  >&5
configure:3765: $? = 0
configure:3813: result: yes
configure:3816: checking for C compiler default output file name
configure:3818: result: a.out
configure:3824: checking for suffix of executables
configure:3831: gcc -o conftest    conftest.c  >&5
configure:3835: $? = 0
configure:3857: result: 
configure:3879: checking whether we are cross compiling
configure:3887: gcc -o conftest    conftest.c  >&5
configure:3891: $? = 0
configure:3898: ./conftest
configure:3902: $? = 0
configure:3917: result: no
configure:3922: checking for suffix of object files
configure:3944: gcc -c   conftest.c >&5
configure:3948: $? = 0
configure:3969: result: o
configure:3973: checking whether we are using the GNU C compiler
configure:3992: gcc -c   conftest.c >&5
configure:3992: $? = 0
configure:4001: result: yes
configure:4010: checking whether gcc accepts -g
configure:4030: gcc -c -g  conftest.c >&5
configure:4030: $? = 0
configure:4071: result: yes
configure:4088: checking for gcc option to accept ISO C89
configure:4151: gcc  -c -g -O2  conftest.c >&5
configure:4151: $? = 0
configure:4164: result: none needed
configure:4189: checking whether gcc understands -c and -o together
configure:4211: gcc -c conftest.c -o conftest2.o
configure:4214: $? = 0
configure:4211: gcc -c conftest.c -o conftest2.o
configure:4214: $? = 0
configure:4226: result: yes
configure:4246: checking whether make supports the include directive
configure:4261: make -f confmf.GNU && cat confinc.out
make[1]: Entering directory '/root/lticontainerspawner/JunkBox_Lib'
make[1]: Leaving directory '/root/lticontainerspawner/JunkBox_Lib'
this is the am__doit target
configure:4264: $? = 0
configure:4283: result: yes (GNU style)
configure:4308: checking dependency style of gcc
configure:4419: result: gcc3
configure:4492: checking for g++
configure:4508: found /usr/bin/g++
configure:4519: result: g++
configure:4546: checking for C++ compiler version
configure:4555: g++ --version >&5
g++ (GCC) 8.5.0 20210514 (Red Hat 8.5.0-16)
Copyright (C) 2018 Free Software Foundation, Inc.
This is free software; see the source for copying conditions.  There is NO
warranty; not even for MERCHANTABILITY or FITNESS FOR A PARTICULAR PURPOSE.

configure:4566: $? = 0
configure:4555: g++ -v >&5
Using built-in specs.
COLLECT_GCC=g++
COLLECT_LTO_WRAPPER=/usr/libexec/gcc/x86_64-redhat-linux/8/lto-wrapper
OFFLOAD_TARGET_NAMES=nvptx-none
OFFLOAD_TARGET_DEFAULT=1
Target: x86_64-redhat-linux
Configured with: ../configure --enable-bootstrap --enable-languages=c,c++,fortran,lto --prefix=/usr --mandir=/usr/share/man --infodir=/usr/share/info --with-bugurl=https://bugs.rockylinux.org/ --enable-shared --enable-threads=posix --enable-checking=release --enable-multilib --with-system-zlib --enable-__cxa_atexit --disable-libunwind-exceptions --enable-gnu-unique-object --enable-linker-build-id --with-gcc-major-version-only --with-linker-hash-style=gnu --enable-plugin --enable-initfini-array --with-isl --disable-libmpx --enable-offload-targets=nvptx-none --without-cuda-driver --enable-gnu-indirect-function --enable-cet --with-tune=generic --with-arch_32=x86-64 --build=x86_64-redhat-linux
Thread model: posix
gcc version 8.5.0 20210514 (Red Hat 8.5.0-16) (GCC) 
configure:4566: $? = 0
configure:4555: g++ -V >&5
g++: error: unrecognized command line option '-V'
g++: fatal error: no input files
compilation terminated.
configure:4566: $? = 1
configure:4555: g++ -qversion >&5
g++: error: unrecognized command line option '-qversion'; did you mean '--version'?
g++: fatal error: no input files
compilation terminated.
configure:4566: $? = 1
configure:4570: checking whether we are using the GNU C++ compiler
configure:4589: g++ -c   conftest.cpp >&5
configure:4589: $? = 0
configure:4598: result: yes
configure:4607: checking whether g++ accepts -g
configure:4627: g++ -c -g  conftest.cpp >&5
configure:4627: $? = 0
configure:4668: result: yes
configure:4693: checking dependency style of g++
configure:4804: result: gcc3
configure:4819: checking whether make sets $(MAKE)
configure:4841: result: yes
configure:4893: checking for ranlib
configure:4909: found /usr/bin/ranlib
configure:4920: result: ranlib
configure:4948: checking for main in -lcrypt
configure:4967: gcc -o conftest -g -O2   conftest.c -lcrypt   >&5
configure:4967: $? = 0
configure:4976: result: yes
configure:4988: checking for main in -lcrypto
configure:5007: gcc -o conftest -g -O2   conftest.c -lcrypto  -lcrypt  >&5
configure:5007: $? = 0
configure:5016: result: yes
configure:5028: checking for main in -lm
configure:5047: gcc -o conftest -g -O2   conftest.c -lm  -lcrypto -lcrypt  >&5
configure:5047: $? = 0
configure:5056: result: yes
configure:5068: checking for main in -lnsl
configure:5087: gcc -o conftest -g -O2   conftest.c -lnsl  -lm -lcrypto -lcrypt  >&5
/usr/bin/ld: cannot find -lnsl
collect2: error: ld returned 1 exit status
configure:5087: $? = 1
configure: failed program was:
| /* confdefs.h */
| #define PACKAGE_NAME "junkbox_lib"
| #define PACKAGE_TARNAME "JunkBox_Lib"
| #define PACKAGE_VERSION "1.8.2"
| #define PACKAGE_STRING "junkbox_lib 1.8.2"
| #define PACKAGE_BUGREPORT "fiseki@star-dust.jp"
| #define PACKAGE_URL ""
| #define PACKAGE "JunkBox_Lib"
| #define VERSION "1.8.2"
| #define HAVE_LIBCRYPT 1
| #define HAVE_LIBCRYPTO 1
| #define HAVE_LIBM 1
| /* end confdefs.h.  */
| 
| 
| int
| main ()
| {
| return main ();
|   ;
|   return 0;
| }
configure:5096: result: no
configure:5108: checking for main in -lpam
configure:5127: gcc -o conftest -g -O2   conftest.c -lpam  -lm -lcrypto -lcrypt  >&5
/usr/bin/ld: cannot find -lpam
collect2: error: ld returned 1 exit status
configure:5127: $? = 1
configure: failed program was:
| /* confdefs.h */
| #define PACKAGE_NAME "junkbox_lib"
| #define PACKAGE_TARNAME "JunkBox_Lib"
| #define PACKAGE_VERSION "1.8.2"
| #define PACKAGE_STRING "junkbox_lib 1.8.2"
| #define PACKAGE_BUGREPORT "fiseki@star-dust.jp"
| #define PACKAGE_URL ""
| #define PACKAGE "JunkBox_Lib"
| #define VERSION "1.8.2"
| #define HAVE_LIBCRYPT 1
| #define HAVE_LIBCRYPTO 1
| #define HAVE_LIBM 1
| /* end confdefs.h.  */
| 
| 
| int
| main ()
| {
| return main ();
|   ;
|   return 0;
| }
configure:5136: result: no
configure:5148: checking for main in -lsocket
configure:5167: gcc -o conftest -g -O2   conftest.c -lsocket  -lm -lcrypto -lcrypt  >&5
/usr/bin/ld: cannot find -lsocket
collect2: error: ld returned 1 exit status
configure:5167: $? = 1
configure: failed program was:
| /* confdefs.h */
| #define PACKAGE_NAME "junkbox_lib"
| #define PACKAGE_TARNAME "JunkBox_Lib"
| #define PACKAGE_VERSION "1.8.2"
| #define PACKAGE_STRING "junkbox_lib 1.8.2"
| #define PACKAGE_BUGREPORT "fiseki@star-dust.jp"
| #define PACKAGE_URL ""
| #define PACKAGE "JunkBox_Lib"
| #define VERSION "1.8.2"
| #define HAVE_LIBCRYPT 1
| #define HAVE_LIBCRYPTO 1
| #define HAVE_LIBM 1
| /* end confdefs.h.  */
| 
| 
| int
| main ()
| {
| return main ();
|   ;
|   return 0;
| }
configure:5176: result: no
configure:5275: checking for main in -lz
configure:5294: gcc -o conftest -g -O2   -L/usr/lib conftest.c -lz  -lm -lcrypto -lcrypt  >&5
configure:5294: $? = 0
configure:5303: result: yes
configure:5359: checking for main in -lssl
configure:5378: gcc -o conftest -g -O2   -L/usr/lib -L/usr/lib conftest.c -lssl  -lz -lm -lcrypto -lcrypt  >&5
configure:5378: $? = 0
configure:5387: result: yes
configure:5559: checking how to run the C preprocessor
configure:5590: gcc -E  conftest.c
configure:5590: $? = 0
configure:5604: gcc -E  conftest.c
conftest.c:16:10: fatal error: ac_nonexistent.h: No such file or directory
 #include <ac_nonexistent.h>
          ^~~~~~~~~~~~~~~~~~
compilation terminated.
configure:5604: $? = 1
configure: failed program was:
| /* confdefs.h */
| #define PACKAGE_NAME "junkbox_lib"
| #define PACKAGE_TARNAME "JunkBox_Lib"
| #define PACKAGE_VERSION "1.8.2"
| #define PACKAGE_STRING "junkbox_lib 1.8.2"
| #define PACKAGE_BUGREPORT "fiseki@star-dust.jp"
| #define PACKAGE_URL ""
| #define PACKAGE "JunkBox_Lib"
| #define VERSION "1.8.2"
| #define HAVE_LIBCRYPT 1
| #define HAVE_LIBCRYPTO 1
| #define HAVE_LIBM 1
| #define HAVE_LIBZ 1
| #define HAVE_LIBSSL 1
| /* end confdefs.h.  */
| #include <ac_nonexistent.h>
configure:5629: result: gcc -E
configure:5649: gcc -E  conftest.c
configure:5649: $? = 0
configure:5663: gcc -E  conftest.c
conftest.c:16:10: fatal error: ac_nonexistent.h: No such file or directory
 #include <ac_nonexistent.h>
          ^~~~~~~~~~~~~~~~~~
compilation terminated.
configure:5663: $? = 1
configure: failed program was:
| /* confdefs.h */
| #define PACKAGE_NAME "junkbox_lib"
| #define PACKAGE_TARNAME "JunkBox_Lib"
| #define PACKAGE_VERSION "1.8.2"
| #define PACKAGE_STRING "junkbox_lib 1.8.2"
| #define PACKAGE_BUGREPORT "fiseki@star-dust.jp"
| #define PACKAGE_URL ""
| #define PACKAGE "JunkBox_Lib"
| #define VERSION "1.8.2"
| #define HAVE_LIBCRYPT 1
| #define HAVE_LIBCRYPTO 1
| #define HAVE_LIBM 1
| #define HAVE_LIBZ 1
| #define HAVE_LIBSSL 1
| /* end confdefs.h.  */
| #include <ac_nonexistent.h>
configure:5692: checking for X
configure:5800: gcc -E  conftest.c
configure:5800: $? = 0
configure:5831: gcc -o conftest -g -O2   -L/usr/lib -L/usr/lib conftest.c -lX11 -lssl -lz -lm -lcrypto -lcrypt  >&5
configure:5831: $? = 0
configure:5881: result: libraries , headers 
configure:5980: gcc -o conftest -g -O2   -L/usr/lib -L/usr/lib conftest.c -lssl -lz -lm -lcrypto -lcrypt   -lX11 >&5
configure:5980: $? = 0
configure:6078: checking for gethostbyname
configure:6078: gcc -o conftest -g -O2   -L/usr/lib -L/usr/lib conftest.c -lssl -lz -lm -lcrypto -lcrypt  >&5
configure:6078: $? = 0
configure:6078: result: yes
configure:6175: checking for connect
configure:6175: gcc -o conftest -g -O2   -L/usr/lib -L/usr/lib conftest.c -lssl -lz -lm -lcrypto -lcrypt  >&5
configure:6175: $? = 0
configure:6175: result: yes
configure:6224: checking for remove
configure:6224: gcc -o conftest -g -O2   -L/usr/lib -L/usr/lib conftest.c -lssl -lz -lm -lcrypto -lcrypt  >&5
configure:6224: $? = 0
configure:6224: result: yes
configure:6273: checking for shmat
configure:6273: gcc -o conftest -g -O2   -L/usr/lib -L/usr/lib conftest.c -lssl -lz -lm -lcrypto -lcrypt  >&5
configure:6273: $? = 0
configure:6273: result: yes
configure:6331: checking for IceConnectionNumber in -lICE
configure:6356: gcc -o conftest -g -O2   -L/usr/lib -L/usr/lib conftest.c -lICE  -lssl -lz -lm -lcrypto -lcrypt  >&5
configure:6356: $? = 0
configure:6365: result: yes
configure:6396: checking for grep that handles long lines and -e
configure:6454: result: /usr/bin/grep
configure:6459: checking for egrep
configure:6521: result: /usr/bin/grep -E
configure:6526: checking for ANSI C header files
configure:6546: gcc -c -g -O2  conftest.c >&5
configure:6546: $? = 0
configure:6619: gcc -o conftest -g -O2   -L/usr/lib -L/usr/lib conftest.c -lssl -lz -lm -lcrypto -lcrypt  >&5
configure:6619: $? = 0
configure:6619: ./conftest
configure:6619: $? = 0
configure:6630: result: yes
configure:6638: checking for sys/wait.h that is POSIX.1 compatible
configure:6664: gcc -c -g -O2  conftest.c >&5
configure:6664: $? = 0
configure:6671: result: yes
configure:6684: checking for sys/types.h
configure:6684: gcc -c -g -O2  conftest.c >&5
configure:6684: $? = 0
configure:6684: result: yes
configure:6684: checking for sys/stat.h
configure:6684: gcc -c -g -O2  conftest.c >&5
configure:6684: $? = 0
configure:6684: result: yes
configure:6684: checking for stdlib.h
configure:6684: gcc -c -g -O2  conftest.c >&5
configure:6684: $? = 0
configure:6684: result: yes
configure:6684: checking for string.h
configure:6684: gcc -c -g -O2  conftest.c >&5
configure:6684: $? = 0
configure:6684: result: yes
configure:6684: checking for memory.h
configure:6684: gcc -c -g -O2  conftest.c >&5
configure:6684: $? = 0
configure:6684: result: yes
configure:6684: checking for strings.h
configure:6684: gcc -c -g -O2  conftest.c >&5
configure:6684: $? = 0
configure:6684: result: yes
configure:6684: checking for inttypes.h
configure:6684: gcc -c -g -O2  conftest.c >&5
configure:6684: $? = 0
configure:6684: result: yes
configure:6684: checking for stdint.h
configure:6684: gcc -c -g -O2  conftest.c >&5
configure:6684: $? = 0
configure:6684: result: yes
configure:6684: checking for unistd.h
configure:6684: gcc -c -g -O2  conftest.c >&5
configure:6684: $? = 0
configure:6684: result: yes
configure:6699: checking rpcsvc/ypclnt.h usability
configure:6699: gcc -c -g -O2  conftest.c >&5
conftest.c:60:10: fatal error: rpcsvc/ypclnt.h: No such file or directory
 #include <rpcsvc/ypclnt.h>
          ^~~~~~~~~~~~~~~~~
compilation terminated.
configure:6699: $? = 1
configure: failed program was:
| /* confdefs.h */
| #define PACKAGE_NAME "junkbox_lib"
| #define PACKAGE_TARNAME "JunkBox_Lib"
| #define PACKAGE_VERSION "1.8.2"
| #define PACKAGE_STRING "junkbox_lib 1.8.2"
| #define PACKAGE_BUGREPORT "fiseki@star-dust.jp"
| #define PACKAGE_URL ""
| #define PACKAGE "JunkBox_Lib"
| #define VERSION "1.8.2"
| #define HAVE_LIBCRYPT 1
| #define HAVE_LIBCRYPTO 1
| #define HAVE_LIBM 1
| #define HAVE_LIBZ 1
| #define HAVE_LIBSSL 1
| #define STDC_HEADERS 1
| #define HAVE_SYS_WAIT_H 1
| #define HAVE_SYS_TYPES_H 1
| #define HAVE_SYS_STAT_H 1
| #define HAVE_STDLIB_H 1
| #define HAVE_STRING_H 1
| #define HAVE_MEMORY_H 1
| #define HAVE_STRINGS_H 1
| #define HAVE_INTTYPES_H 1
| #define HAVE_STDINT_H 1
| #define HAVE_UNISTD_H 1
| /* end confdefs.h.  */
| #include <stdio.h>
| #ifdef HAVE_SYS_TYPES_H
| # include <sys/types.h>
| #endif
| #ifdef HAVE_SYS_STAT_H
| # include <sys/stat.h>
| #endif
| #ifdef STDC_HEADERS
| # include <stdlib.h>
| # include <stddef.h>
| #else
| # ifdef HAVE_STDLIB_H
| #  include <stdlib.h>
| # endif
| #endif
| #ifdef HAVE_STRING_H
| # if !defined STDC_HEADERS && defined HAVE_MEMORY_H
| #  include <memory.h>
| # endif
| # include <string.h>
| #endif
| #ifdef HAVE_STRINGS_H
| # include <strings.h>
| #endif
| #ifdef HAVE_INTTYPES_H
| # include <inttypes.h>
| #endif
| #ifdef HAVE_STDINT_H
| # include <stdint.h>
| #endif
| #ifdef HAVE_UNISTD_H
| # include <unistd.h>
| #endif
| #include <rpcsvc/ypclnt.h>
configure:6699: result: no
configure:6699: checking rpcsvc/ypclnt.h presence
configure:6699: gcc -E  conftest.c
conftest.c:27:10: fatal error: rpcsvc/ypclnt.h: No such file or directory
 #include <rpcsvc/ypclnt.h>
          ^~~~~~~~~~~~~~~~~
compilation terminated.
configure:6699: $? = 1
configure: failed program was:
| /* confdefs.h */
| #define PACKAGE_NAME "junkbox_lib"
| #define PACKAGE_TARNAME "JunkBox_Lib"
| #define PACKAGE_VERSION "1.8.2"
| #define PACKAGE_STRING "junkbox_lib 1.8.2"
| #define PACKAGE_BUGREPORT "fiseki@star-dust.jp"
| #define PACKAGE_URL ""
| #define PACKAGE "JunkBox_Lib"
| #define VERSION "1.8.2"
| #define HAVE_LIBCRYPT 1
| #define HAVE_LIBCRYPTO 1
| #define HAVE_LIBM 1
| #define HAVE_LIBZ 1
| #define HAVE_LIBSSL 1
| #define STDC_HEADERS 1
| #define HAVE_SYS_WAIT_H 1
| #define HAVE_SYS_TYPES_H 1
| #define HAVE_SYS_STAT_H 1
| #define HAVE_STDLIB_H 1
| #define HAVE_STRING_H 1
| #define HAVE_MEMORY_H 1
| #define HAVE_STRINGS_H 1
| #define HAVE_INTTYPES_H 1
| #define HAVE_STDINT_H 1
| #define HAVE_UNISTD_H 1
| /* end confdefs.h.  */
| #include <rpcsvc/ypclnt.h>
configure:6699: result: no
configure:6699: checking for rpcsvc/ypclnt.h
configure:6699: result: no
configure:6699: checking sys/socket.h usability
configure:6699: gcc -c -g -O2  conftest.c >&5
configure:6699: $? = 0
configure:6699: result: yes
configure:6699: checking sys/socket.h presence
configure:6699: gcc -E  conftest.c
configure:6699: $? = 0
configure:6699: result: yes
configure:6699: checking for sys/socket.h
configure:6699: result: yes
configure:6699: checking sys/errno.h usability
configure:6699: gcc -c -g -O2  conftest.c >&5
configure:6699: $? = 0
configure:6699: result: yes
configure:6699: checking sys/errno.h presence
configure:6699: gcc -E  conftest.c
configure:6699: $? = 0
configure:6699: result: yes
configure:6699: checking for sys/errno.h
configure:6699: result: yes
configure:6699: checking locale.h usability
configure:6699: gcc -c -g -O2  conftest.c >&5
configure:6699: $? = 0
configure:6699: result: yes
configure:6699: checking locale.h presence
configure:6699: gcc -E  conftest.c
configure:6699: $? = 0
configure:6699: result: yes
configure:6699: checking for locale.h
configure:6699: result: yes
configure:6699: checking syslog.h usability
configure:6699: gcc -c -g -O2  conftest.c >&5
configure:6699: $? = 0
configure:6699: result: yes
configure:6699: checking syslog.h presence
configure:6699: gcc -E  conftest.c
configure:6699: $? = 0
configure:6699: result: yes
configure:6699: checking for syslog.h
configure:6699: result: yes
configure:6699: checking crypt.h usability
configure:6699: gcc -c -g -O2  conftest.c >&5
configure:6699: $? = 0
configure:6699: result: yes
configure:6699: checking crypt.h presence
configure:6699: gcc -E  conftest.c
configure:6699: $? = 0
configure:6699: result: yes
configure:6699: checking for crypt.h
configure:6699: result: yes
configure:6699: checking sys/sockio.h usability
configure:6699: gcc -c -g -O2  conftest.c >&5
conftest.c:65:10: fatal error: sys/sockio.h: No such file or directory
 #include <sys/sockio.h>
          ^~~~~~~~~~~~~~
compilation terminated.
configure:6699: $? = 1
configure: failed program was:
| /* confdefs.h */
| #define PACKAGE_NAME "junkbox_lib"
| #define PACKAGE_TARNAME "JunkBox_Lib"
| #define PACKAGE_VERSION "1.8.2"
| #define PACKAGE_STRING "junkbox_lib 1.8.2"
| #define PACKAGE_BUGREPORT "fiseki@star-dust.jp"
| #define PACKAGE_URL ""
| #define PACKAGE "JunkBox_Lib"
| #define VERSION "1.8.2"
| #define HAVE_LIBCRYPT 1
| #define HAVE_LIBCRYPTO 1
| #define HAVE_LIBM 1
| #define HAVE_LIBZ 1
| #define HAVE_LIBSSL 1
| #define STDC_HEADERS 1
| #define HAVE_SYS_WAIT_H 1
| #define HAVE_SYS_TYPES_H 1
| #define HAVE_SYS_STAT_H 1
| #define HAVE_STDLIB_H 1
| #define HAVE_STRING_H 1
| #define HAVE_MEMORY_H 1
| #define HAVE_STRINGS_H 1
| #define HAVE_INTTYPES_H 1
| #define HAVE_STDINT_H 1
| #define HAVE_UNISTD_H 1
| #define HAVE_SYS_SOCKET_H 1
| #define HAVE_SYS_ERRNO_H 1
| #define HAVE_LOCALE_H 1
| #define HAVE_SYSLOG_H 1
| #define HAVE_CRYPT_H 1
| /* end confdefs.h.  */
| #include <stdio.h>
| #ifdef HAVE_SYS_TYPES_H
| # include <sys/types.h>
| #endif
| #ifdef HAVE_SYS_STAT_H
| # include <sys/stat.h>
| #endif
| #ifdef STDC_HEADERS
| # include <stdlib.h>
| # include <stddef.h>
| #else
| # ifdef HAVE_STDLIB_H
| #  include <stdlib.h>
| # endif
| #endif
| #ifdef HAVE_STRING_H
| # if !defined STDC_HEADERS && defined HAVE_MEMORY_H
| #  include <memory.h>
| # endif
| # include <string.h>
| #endif
| #ifdef HAVE_STRINGS_H
| # include <strings.h>
| #endif
| #ifdef HAVE_INTTYPES_H
| # include <inttypes.h>
| #endif
| #ifdef HAVE_STDINT_H
| # include <stdint.h>
| #endif
| #ifdef HAVE_UNISTD_H
| # include <unistd.h>
| #endif
| #include <sys/sockio.h>
configure:6699: result: no
configure:6699: checking sys/sockio.h presence
configure:6699: gcc -E  conftest.c
conftest.c:32:10: fatal error: sys/sockio.h: No such file or directory
 #include <sys/sockio.h>
          ^~~~~~~~~~~~~~
compilation terminated.
configure:6699: $? = 1
configure: failed program was:
| /* confdefs.h */
| #define PACKAGE_NAME "junkbox_lib"
| #define PACKAGE_TARNAME "JunkBox_Lib"
| #define PACKAGE_VERSION "1.8.2"
| #define PACKAGE_STRING "junkbox_lib 1.8.2"
| #define PACKAGE_BUGREPORT "fiseki@star-dust.jp"
| #define PACKAGE_URL ""
| #define PACKAGE "JunkBox_Lib"
| #define VERSION "1.8.2"
| #define HAVE_LIBCRYPT 1
| #define HAVE_LIBCRYPTO 1
| #define HAVE_LIBM 1
| #define HAVE_LIBZ 1
| #define HAVE_LIBSSL 1
| #define STDC_HEADERS 1
| #define HAVE_SYS_WAIT_H 1
| #define HAVE_SYS_TYPES_H 1
| #define HAVE_SYS_STAT_H 1
| #define HAVE_STDLIB_H 1
| #define HAVE_STRING_H 1
| #define HAVE_MEMORY_H 1
| #define HAVE_STRINGS_H 1
| #define HAVE_INTTYPES_H 1
| #define HAVE_STDINT_H 1
| #define HAVE_UNISTD_H 1
| #define HAVE_SYS_SOCKET_H 1
| #define HAVE_SYS_ERRNO_H 1
| #define HAVE_LOCALE_H 1
| #define HAVE_SYSLOG_H 1
| #define HAVE_CRYPT_H 1
| /* end confdefs.h.  */
| #include <sys/sockio.h>
configure:6699: result: no
configure:6699: checking for sys/sockio.h
configure:6699: result: no
configure:6699: checking arpa/inet.h usability
configure:6699: gcc -c -g -O2  conftest.c >&5
configure:6699: $? = 0
configure:6699: result: yes
configure:6699: checking arpa/inet.h presence
configure:6699: gcc -E  conftest.c
configure:6699: $? = 0
configure:6699: result: yes
configure:6699: checking for arpa/inet.h
configure:6699: result: yes
configure:6699: checking fcntl.h usability
configure:6699: gcc -c -g -O2  conftest.c >&5
configure:6699: $? = 0
configure:6699: result: yes
configure:6699: checking fcntl.h presence
configure:6699: gcc -E  conftest.c
configure:6699: $? = 0
configure:6699: result: yes
configure:6699: checking for fcntl.h
configure:6699: result: yes
configure:6699: checking netdb.h usability
configure:6699: gcc -c -g -O2  conftest.c >&5
configure:6699: $? = 0
configure:6699: result: yes
configure:6699: checking netdb.h presence
configure:6699: gcc -E  conftest.c
configure:6699: $? = 0
configure:6699: result: yes
configure:6699: checking for netdb.h
configure:6699: result: yes
configure:6699: checking netinet/in.h usability
configure:6699: gcc -c -g -O2  conftest.c >&5
configure:6699: $? = 0
configure:6699: result: yes
configure:6699: checking netinet/in.h presence
configure:6699: gcc -E  conftest.c
configure:6699: $? = 0
configure:6699: result: yes
configure:6699: checking for netinet/in.h
configure:6699: result: yes
configure:6699: checking shadow.h usability
configure:6699: gcc -c -g -O2  conftest.c >&5
configure:6699: $? = 0
configure:6699: result: yes
configure:6699: checking shadow.h presence
configure:6699: gcc -E  conftest.c
configure:6699: $? = 0
configure:6699: result: yes
configure:6699: checking for shadow.h
configure:6699: result: yes
configure:6699: checking for stdlib.h
configure:6699: result: yes
configure:6699: checking for string.h
configure:6699: result: yes
configure:6699: checking sys/ioctl.h usability
configure:6699: gcc -c -g -O2  conftest.c >&5
configure:6699: $? = 0
configure:6699: result: yes
configure:6699: checking sys/ioctl.h presence
configure:6699: gcc -E  conftest.c
configure:6699: $? = 0
configure:6699: result: yes
configure:6699: checking for sys/ioctl.h
configure:6699: result: yes
configure:6699: checking sys/param.h usability
configure:6699: gcc -c -g -O2  conftest.c >&5
configure:6699: $? = 0
configure:6699: result: yes
configure:6699: checking sys/param.h presence
configure:6699: gcc -E  conftest.c
configure:6699: $? = 0
configure:6699: result: yes
configure:6699: checking for sys/param.h
configure:6699: result: yes
configure:6699: checking for sys/socket.h
configure:6699: result: yes
configure:6699: checking time.h usability
configure:6699: gcc -c -g -O2  conftest.c >&5
configure:6699: $? = 0
configure:6699: result: yes
configure:6699: checking time.h presence
configure:6699: gcc -E  conftest.c
configure:6699: $? = 0
configure:6699: result: yes
configure:6699: checking for time.h
configure:6699: result: yes
configure:6699: checking sys/time.h usability
configure:6699: gcc -c -g -O2  conftest.c >&5
configure:6699: $? = 0
configure:6699: result: yes
configure:6699: checking sys/time.h presence
configure:6699: gcc -E  conftest.c
configure:6699: $? = 0
configure:6699: result: yes
configure:6699: checking for sys/time.h
configure:6699: result: yes
configure:6699: checking for unistd.h
configure:6699: result: yes
configure:6748: checking zlib.h usability
configure:6748: gcc -c -g -O2 -I/usr/include -DENABLE_ZLIB  conftest.c >&5
configure:6748: $? = 0
configure:6748: result: yes
configure:6748: checking zlib.h presence
configure:6748: gcc -E  conftest.c
configure:6748: $? = 0
configure:6748: result: yes
configure:6748: checking for zlib.h
configure:6748: result: yes
configure:6780: checking openssl/ssl.h usability
configure:6780: gcc -c -g -O2 -I/usr/include -DENABLE_ZLIB -I/usr/include -DENABLE_SSL  conftest.c >&5
configure:6780: $? = 0
configure:6780: result: yes
configure:6780: checking openssl/ssl.h presence
configure:6780: gcc -E  conftest.c
configure:6780: $? = 0
configure:6780: result: yes
configure:6780: checking for openssl/ssl.h
configure:6780: result: yes
configure:6826: checking for stdbool.h that conforms to C99
configure:6893: gcc -c -g -O2 -I/usr/include -DENABLE_ZLIB -I/usr/include -DENABLE_SSL  conftest.c >&5
configure:6893: $? = 0
configure:6900: result: yes
configure:6902: checking for _Bool
configure:6902: gcc -c -g -O2 -I/usr/include -DENABLE_ZLIB -I/usr/include -DENABLE_SSL  conftest.c >&5
configure:6902: $? = 0
configure:6902: gcc -c -g -O2 -I/usr/include -DENABLE_ZLIB -I/usr/include -DENABLE_SSL  conftest.c >&5
conftest.c: In function 'main':
conftest.c:83:20: error: expected expression before ')' token
 if (sizeof ((_Bool)))
                    ^
configure:6902: $? = 1
configure: failed program was:
| /* confdefs.h */
| #define PACKAGE_NAME "junkbox_lib"
| #define PACKAGE_TARNAME "JunkBox_Lib"
| #define PACKAGE_VERSION "1.8.2"
| #define PACKAGE_STRING "junkbox_lib 1.8.2"
| #define PACKAGE_BUGREPORT "fiseki@star-dust.jp"
| #define PACKAGE_URL ""
| #define PACKAGE "JunkBox_Lib"
| #define VERSION "1.8.2"
| #define HAVE_LIBCRYPT 1
| #define HAVE_LIBCRYPTO 1
| #define HAVE_LIBM 1
| #define HAVE_LIBZ 1
| #define HAVE_LIBSSL 1
| #define STDC_HEADERS 1
| #define HAVE_SYS_WAIT_H 1
| #define HAVE_SYS_TYPES_H 1
| #define HAVE_SYS_STAT_H 1
| #define HAVE_STDLIB_H 1
| #define HAVE_STRING_H 1
| #define HAVE_MEMORY_H 1
| #define HAVE_STRINGS_H 1
| #define HAVE_INTTYPES_H 1
| #define HAVE_STDINT_H 1
| #define HAVE_UNISTD_H 1
| #define HAVE_SYS_SOCKET_H 1
| #define HAVE_SYS_ERRNO_H 1
| #define HAVE_LOCALE_H 1
| #define HAVE_SYSLOG_H 1
| #define HAVE_CRYPT_H 1
| #define HAVE_ARPA_INET_H 1
| #define HAVE_FCNTL_H 1
| #define HAVE_NETDB_H 1
| #define HAVE_NETINET_IN_H 1
| #define HAVE_SHADOW_H 1
| #define HAVE_STDLIB_H 1
| #define HAVE_STRING_H 1
| #define HAVE_SYS_IOCTL_H 1
| #define HAVE_SYS_PARAM_H 1
| #define HAVE_SYS_SOCKET_H 1
| #define HAVE_TIME_H 1
| #define HAVE_SYS_TIME_H 1
| #define HAVE_UNISTD_H 1
| #define HAVE_ZLIB_H 1
| #define HAVE_OPENSSL_SSL_H 1
| /* end confdefs.h.  */
| #include <stdio.h>
| #ifdef HAVE_SYS_TYPES_H
| # include <sys/types.h>
| #endif
| #ifdef HAVE_SYS_STAT_H
| # include <sys/stat.h>
| #endif
| #ifdef STDC_HEADERS
| # include <stdlib.h>
| # include <stddef.h>
| #else
| # ifdef HAVE_STDLIB_H
| #  include <stdlib.h>
| # endif
| #endif
| #ifdef HAVE_STRING_H
| # if !defined STDC_HEADERS && defined HAVE_MEMORY_H
| #  include <memory.h>
| # endif
| # include <string.h>
| #endif
| #ifdef HAVE_STRINGS_H
| # include <strings.h>
| #endif
| #ifdef HAVE_INTTYPES_H
| # include <inttypes.h>
| #endif
| #ifdef HAVE_STDINT_H
| # include <stdint.h>
| #endif
| #ifdef HAVE_UNISTD_H
| # include <unistd.h>
| #endif
| int
| main ()
| {
| if (sizeof ((_Bool)))
| 	    return 0;
|   ;
|   return 0;
| }
configure:6902: result: yes
configure:6919: checking for an ANSI C-conforming const
configure:6985: gcc -c -g -O2 -I/usr/include -DENABLE_ZLIB -I/usr/include -DENABLE_SSL  conftest.c >&5
configure:6985: $? = 0
configure:6992: result: yes
configure:7000: checking for inline
configure:7016: gcc -c -g -O2 -I/usr/include -DENABLE_ZLIB -I/usr/include -DENABLE_SSL  conftest.c >&5
configure:7016: $? = 0
configure:7024: result: inline
configure:7042: checking for mode_t
configure:7042: gcc -c -g -O2 -I/usr/include -DENABLE_ZLIB -I/usr/include -DENABLE_SSL  conftest.c >&5
configure:7042: $? = 0
configure:7042: gcc -c -g -O2 -I/usr/include -DENABLE_ZLIB -I/usr/include -DENABLE_SSL  conftest.c >&5
conftest.c: In function 'main':
conftest.c:85:21: error: expected expression before ')' token
 if (sizeof ((mode_t)))
                     ^
configure:7042: $? = 1
configure: failed program was:
| /* confdefs.h */
| #define PACKAGE_NAME "junkbox_lib"
| #define PACKAGE_TARNAME "JunkBox_Lib"
| #define PACKAGE_VERSION "1.8.2"
| #define PACKAGE_STRING "junkbox_lib 1.8.2"
| #define PACKAGE_BUGREPORT "fiseki@star-dust.jp"
| #define PACKAGE_URL ""
| #define PACKAGE "JunkBox_Lib"
| #define VERSION "1.8.2"
| #define HAVE_LIBCRYPT 1
| #define HAVE_LIBCRYPTO 1
| #define HAVE_LIBM 1
| #define HAVE_LIBZ 1
| #define HAVE_LIBSSL 1
| #define STDC_HEADERS 1
| #define HAVE_SYS_WAIT_H 1
| #define HAVE_SYS_TYPES_H 1
| #define HAVE_SYS_STAT_H 1
| #define HAVE_STDLIB_H 1
| #define HAVE_STRING_H 1
| #define HAVE_MEMORY_H 1
| #define HAVE_STRINGS_H 1
| #define HAVE_INTTYPES_H 1
| #define HAVE_STDINT_H 1
| #define HAVE_UNISTD_H 1
| #define HAVE_SYS_SOCKET_H 1
| #define HAVE_SYS_ERRNO_H 1
| #define HAVE_LOCALE_H 1
| #define HAVE_SYSLOG_H 1
| #define HAVE_CRYPT_H 1
| #define HAVE_ARPA_INET_H 1
| #define HAVE_FCNTL_H 1
| #define HAVE_NETDB_H 1
| #define HAVE_NETINET_IN_H 1
| #define HAVE_SHADOW_H 1
| #define HAVE_STDLIB_H 1
| #define HAVE_STRING_H 1
| #define HAVE_SYS_IOCTL_H 1
| #define HAVE_SYS_PARAM_H 1
| #define HAVE_SYS_SOCKET_H 1
| #define HAVE_TIME_H 1
| #define HAVE_SYS_TIME_H 1
| #define HAVE_UNISTD_H 1
| #define HAVE_ZLIB_H 1
| #define HAVE_OPENSSL_SSL_H 1
| #define HAVE__BOOL 1
| #define HAVE_STDBOOL_H 1
| /* end confdefs.h.  */
| #include <stdio.h>
| #ifdef HAVE_SYS_TYPES_H
| # include <sys/types.h>
| #endif
| #ifdef HAVE_SYS_STAT_H
| # include <sys/stat.h>
| #endif
| #ifdef STDC_HEADERS
| # include <stdlib.h>
| # include <stddef.h>
| #else
| # ifdef HAVE_STDLIB_H
| #  include <stdlib.h>
| # endif
| #endif
| #ifdef HAVE_STRING_H
| # if !defined STDC_HEADERS && defined HAVE_MEMORY_H
| #  include <memory.h>
| # endif
| # include <string.h>
| #endif
| #ifdef HAVE_STRINGS_H
| # include <strings.h>
| #endif
| #ifdef HAVE_INTTYPES_H
| # include <inttypes.h>
| #endif
| #ifdef HAVE_STDINT_H
| # include <stdint.h>
| #endif
| #ifdef HAVE_UNISTD_H
| # include <unistd.h>
| #endif
| int
| main ()
| {
| if (sizeof ((mode_t)))
| 	    return 0;
|   ;
|   return 0;
| }
configure:7042: result: yes
configure:7053: checking for pid_t
configure:7053: gcc -c -g -O2 -I/usr/include -DENABLE_ZLIB -I/usr/include -DENABLE_SSL  conftest.c >&5
configure:7053: $? = 0
configure:7053: gcc -c -g -O2 -I/usr/include -DENABLE_ZLIB -I/usr/include -DENABLE_SSL  conftest.c >&5
conftest.c: In function 'main':
conftest.c:85:20: error: expected expression before ')' token
 if (sizeof ((pid_t)))
                    ^
configure:7053: $? = 1
configure: failed program was:
| /* confdefs.h */
| #define PACKAGE_NAME "junkbox_lib"
| #define PACKAGE_TARNAME "JunkBox_Lib"
| #define PACKAGE_VERSION "1.8.2"
| #define PACKAGE_STRING "junkbox_lib 1.8.2"
| #define PACKAGE_BUGREPORT "fiseki@star-dust.jp"
| #define PACKAGE_URL ""
| #define PACKAGE "JunkBox_Lib"
| #define VERSION "1.8.2"
| #define HAVE_LIBCRYPT 1
| #define HAVE_LIBCRYPTO 1
| #define HAVE_LIBM 1
| #define HAVE_LIBZ 1
| #define HAVE_LIBSSL 1
| #define STDC_HEADERS 1
| #define HAVE_SYS_WAIT_H 1
| #define HAVE_SYS_TYPES_H 1
| #define HAVE_SYS_STAT_H 1
| #define HAVE_STDLIB_H 1
| #define HAVE_STRING_H 1
| #define HAVE_MEMORY_H 1
| #define HAVE_STRINGS_H 1
| #define HAVE_INTTYPES_H 1
| #define HAVE_STDINT_H 1
| #define HAVE_UNISTD_H 1
| #define HAVE_SYS_SOCKET_H 1
| #define HAVE_SYS_ERRNO_H 1
| #define HAVE_LOCALE_H 1
| #define HAVE_SYSLOG_H 1
| #define HAVE_CRYPT_H 1
| #define HAVE_ARPA_INET_H 1
| #define HAVE_FCNTL_H 1
| #define HAVE_NETDB_H 1
| #define HAVE_NETINET_IN_H 1
| #define HAVE_SHADOW_H 1
| #define HAVE_STDLIB_H 1
| #define HAVE_STRING_H 1
| #define HAVE_SYS_IOCTL_H 1
| #define HAVE_SYS_PARAM_H 1
| #define HAVE_SYS_SOCKET_H 1
| #define HAVE_TIME_H 1
| #define HAVE_SYS_TIME_H 1
| #define HAVE_UNISTD_H 1
| #define HAVE_ZLIB_H 1
| #define HAVE_OPENSSL_SSL_H 1
| #define HAVE__BOOL 1
| #define HAVE_STDBOOL_H 1
| /* end confdefs.h.  */
| #include <stdio.h>
| #ifdef HAVE_SYS_TYPES_H
| # include <sys/types.h>
| #endif
| #ifdef HAVE_SYS_STAT_H
| # include <sys/stat.h>
| #endif
| #ifdef STDC_HEADERS
| # include <stdlib.h>
| # include <stddef.h>
| #else
| # ifdef HAVE_STDLIB_H
| #  include <stdlib.h>
| # endif
| #endif
| #ifdef HAVE_STRING_H
| # if !defined STDC_HEADERS && defined HAVE_MEMORY_H
| #  include <memory.h>
| # endif
| # include <string.h>
| #endif
| #ifdef HAVE_STRINGS_H
| # include <strings.h>
| #endif
| #ifdef HAVE_INTTYPES_H
| # include <inttypes.h>
| #endif
| #ifdef HAVE_STDINT_H
| # include <stdint.h>
| #endif
| #ifdef HAVE_UNISTD_H
| # include <unistd.h>
| #endif
| int
| main ()
| {
| if (sizeof ((pid_t)))
| 	    return 0;
|   ;
|   return 0;
| }
configure:7053: result: yes
configure:7064: checking whether time.h and sys/time.h may both be included
configure:7084: gcc -c -g -O2 -I/usr/include -DENABLE_ZLIB -I/usr/include -DENABLE_SSL  conftest.c >&5
configure:7084: $? = 0
configure:7091: result: yes
configure:7099: checking whether struct tm is in sys/time.h or time.h
configure:7119: gcc -c -g -O2 -I/usr/include -DENABLE_ZLIB -I/usr/include -DENABLE_SSL  conftest.c >&5
configure:7119: $? = 0
configure:7126: result: time.h
configure:7138: checking whether gcc needs -traditional
configure:7172: result: no
configure:7182: checking sys/select.h usability
configure:7182: gcc -c -g -O2 -I/usr/include -DENABLE_ZLIB -I/usr/include -DENABLE_SSL  conftest.c >&5
configure:7182: $? = 0
configure:7182: result: yes
configure:7182: checking sys/select.h presence
configure:7182: gcc -E  conftest.c
configure:7182: $? = 0
configure:7182: result: yes
configure:7182: checking for sys/select.h
configure:7182: result: yes
configure:7182: checking for sys/socket.h
configure:7182: result: yes
configure:7192: checking types of arguments for select
configure:7220: gcc -c -g -O2 -I/usr/include -DENABLE_ZLIB -I/usr/include -DENABLE_SSL  conftest.c >&5
configure:7220: $? = 0
configure:7231: result: int,fd_set *,struct timeval *
configure:7254: checking whether lstat correctly handles trailing slash
configure:7280: gcc -o conftest -g -O2 -I/usr/include -DENABLE_ZLIB -I/usr/include -DENABLE_SSL   -L/usr/lib -L/usr/lib conftest.c -lssl -lz -lm -lcrypto -lcrypt  >&5
configure:7280: $? = 0
configure:7280: ./conftest
configure:7280: $? = 0
configure:7297: result: yes
configure:7316: checking whether stat accepts an empty string
configure:7336: gcc -o conftest -g -O2 -I/usr/include -DENABLE_ZLIB -I/usr/include -DENABLE_SSL   -L/usr/lib -L/usr/lib conftest.c -lssl -lz -lm -lcrypto -lcrypt  >&5
configure:7336: $? = 0
configure:7336: ./conftest
configure:7336: $? = 0
configure:7346: result: no
configure:7364: checking for vprintf
configure:7364: gcc -o conftest -g -O2 -I/usr/include -DENABLE_ZLIB -I/usr/include -DENABLE_SSL   -L/usr/lib -L/usr/lib conftest.c -lssl -lz -lm -lcrypto -lcrypt  >&5
conftest.c:79:6: warning: conflicting types for built-in function 'vprintf' [-Wbuiltin-declaration-mismatch]
 char vprintf ();
      ^~~~~~~
configure:7364: $? = 0
configure:7364: result: yes
configure:7370: checking for _doprnt
configure:7370: gcc -o conftest -g -O2 -I/usr/include -DENABLE_ZLIB -I/usr/include -DENABLE_SSL   -L/usr/lib -L/usr/lib conftest.c -lssl -lz -lm -lcrypto -lcrypt  >&5
/tmp/ccNPhO0N.o: In function `main':
/root/lticontainerspawner/JunkBox_Lib/conftest.c:91: undefined reference to `_doprnt'
collect2: error: ld returned 1 exit status
configure:7370: $? = 1
configure: failed program was:
| /* confdefs.h */
| #define PACKAGE_NAME "junkbox_lib"
| #define PACKAGE_TARNAME "JunkBox_Lib"
| #define PACKAGE_VERSION "1.8.2"
| #define PACKAGE_STRING "junkbox_lib 1.8.2"
| #define PACKAGE_BUGREPORT "fiseki@star-dust.jp"
| #define PACKAGE_URL ""
| #define PACKAGE "JunkBox_Lib"
| #define VERSION "1.8.2"
| #define HAVE_LIBCRYPT 1
| #define HAVE_LIBCRYPTO 1
| #define HAVE_LIBM 1
| #define HAVE_LIBZ 1
| #define HAVE_LIBSSL 1
| #define STDC_HEADERS 1
| #define HAVE_SYS_WAIT_H 1
| #define HAVE_SYS_TYPES_H 1
| #define HAVE_SYS_STAT_H 1
| #define HAVE_STDLIB_H 1
| #define HAVE_STRING_H 1
| #define HAVE_MEMORY_H 1
| #define HAVE_STRINGS_H 1
| #define HAVE_INTTYPES_H 1
| #define HAVE_STDINT_H 1
| #define HAVE_UNISTD_H 1
| #define HAVE_SYS_SOCKET_H 1
| #define HAVE_SYS_ERRNO_H 1
| #define HAVE_LOCALE_H 1
| #define HAVE_SYSLOG_H 1
| #define HAVE_CRYPT_H 1
| #define HAVE_ARPA_INET_H 1
| #define HAVE_FCNTL_H 1
| #define HAVE_NETDB_H 1
| #define HAVE_NETINET_IN_H 1
| #define HAVE_SHADOW_H 1
| #define HAVE_STDLIB_H 1
| #define HAVE_STRING_H 1
| #define HAVE_SYS_IOCTL_H 1
| #define HAVE_SYS_PARAM_H 1
| #define HAVE_SYS_SOCKET_H 1
| #define HAVE_TIME_H 1
| #define HAVE_SYS_TIME_H 1
| #define HAVE_UNISTD_H 1
| #define HAVE_ZLIB_H 1
| #define HAVE_OPENSSL_SSL_H 1
| #define HAVE__BOOL 1
| #define HAVE_STDBOOL_H 1
| #define TIME_WITH_SYS_TIME 1
| #define HAVE_SYS_SELECT_H 1
| #define HAVE_SYS_SOCKET_H 1
| #define SELECT_TYPE_ARG1 int
| #define SELECT_TYPE_ARG234 (fd_set *)
| #define SELECT_TYPE_ARG5 (struct timeval *)
| #define LSTAT_FOLLOWS_SLASHED_SYMLINK 1
| #define HAVE_VPRINTF 1
| /* end confdefs.h.  */
| /* Define _doprnt to an innocuous variant, in case <limits.h> declares _doprnt.
|    For example, HP-UX 11i <limits.h> declares gettimeofday.  */
| #define _doprnt innocuous__doprnt
| 
| /* System header to define __stub macros and hopefully few prototypes,
|     which can conflict with char _doprnt (); below.
|     Prefer <limits.h> to <assert.h> if __STDC__ is defined, since
|     <limits.h> exists even on freestanding compilers.  */
| 
| #ifdef __STDC__
| # include <limits.h>
| #else
| # include <assert.h>
| #endif
| 
| #undef _doprnt
| 
| /* Override any GCC internal prototype to avoid an error.
|    Use char because int might match the return type of a GCC
|    builtin and then its argument prototype would still apply.  */
| #ifdef __cplusplus
| extern "C"
| #endif
| char _doprnt ();
| /* The GNU C library defines this for functions which it implements
|     to always fail with ENOSYS.  Some functions are actually named
|     something starting with __ and the normal name is an alias.  */
| #if defined __stub__doprnt || defined __stub____doprnt
| choke me
| #endif
| 
| int
| main ()
| {
| return _doprnt ();
|   ;
|   return 0;
| }
configure:7370: result: no
configure:7384: checking for localeconv
configure:7384: gcc -o conftest -g -O2 -I/usr/include -DENABLE_ZLIB -I/usr/include -DENABLE_SSL   -L/usr/lib -L/usr/lib conftest.c -lssl -lz -lm -lcrypto -lcrypt  >&5
configure:7384: $? = 0
configure:7384: result: yes
configure:7384: checking for gethostbyaddr
configure:7384: gcc -o conftest -g -O2 -I/usr/include -DENABLE_ZLIB -I/usr/include -DENABLE_SSL   -L/usr/lib -L/usr/lib conftest.c -lssl -lz -lm -lcrypto -lcrypt  >&5
configure:7384: $? = 0
configure:7384: result: yes
configure:7384: checking for gethostbyname
configure:7384: result: yes
configure:7384: checking for getspnam
configure:7384: gcc -o conftest -g -O2 -I/usr/include -DENABLE_ZLIB -I/usr/include -DENABLE_SSL   -L/usr/lib -L/usr/lib conftest.c -lssl -lz -lm -lcrypto -lcrypt  >&5
configure:7384: $? = 0
configure:7384: result: yes
configure:7384: checking for memset
configure:7384: gcc -o conftest -g -O2 -I/usr/include -DENABLE_ZLIB -I/usr/include -DENABLE_SSL   -L/usr/lib -L/usr/lib conftest.c -lssl -lz -lm -lcrypto -lcrypt  >&5
conftest.c:84:6: warning: conflicting types for built-in function 'memset' [-Wbuiltin-declaration-mismatch]
 char memset ();
      ^~~~~~
configure:7384: $? = 0
configure:7384: result: yes
configure:7384: checking for select
configure:7384: gcc -o conftest -g -O2 -I/usr/include -DENABLE_ZLIB -I/usr/include -DENABLE_SSL   -L/usr/lib -L/usr/lib conftest.c -lssl -lz -lm -lcrypto -lcrypt  >&5
configure:7384: $? = 0
configure:7384: result: yes
configure:7384: checking for socket
configure:7384: gcc -o conftest -g -O2 -I/usr/include -DENABLE_ZLIB -I/usr/include -DENABLE_SSL   -L/usr/lib -L/usr/lib conftest.c -lssl -lz -lm -lcrypto -lcrypt  >&5
configure:7384: $? = 0
configure:7384: result: yes
configure:7384: checking for sqrt
configure:7384: gcc -o conftest -g -O2 -I/usr/include -DENABLE_ZLIB -I/usr/include -DENABLE_SSL   -L/usr/lib -L/usr/lib conftest.c -lssl -lz -lm -lcrypto -lcrypt  >&5
conftest.c:87:6: warning: conflicting types for built-in function 'sqrt' [-Wbuiltin-declaration-mismatch]
 char sqrt ();
      ^~~~
configure:7384: $? = 0
configure:7384: result: yes
configure:7384: checking for strcasecmp
configure:7384: gcc -o conftest -g -O2 -I/usr/include -DENABLE_ZLIB -I/usr/include -DENABLE_SSL   -L/usr/lib -L/usr/lib conftest.c -lssl -lz -lm -lcrypto -lcrypt  >&5
conftest.c:88:6: warning: conflicting types for built-in function 'strcasecmp' [-Wbuiltin-declaration-mismatch]
 char strcasecmp ();
      ^~~~~~~~~~
configure:7384: $? = 0
configure:7384: result: yes
configure:7384: checking for strncasecmp
configure:7384: gcc -o conftest -g -O2 -I/usr/include -DENABLE_ZLIB -I/usr/include -DENABLE_SSL   -L/usr/lib -L/usr/lib conftest.c -lssl -lz -lm -lcrypto -lcrypt  >&5
conftest.c:89:6: warning: conflicting types for built-in function 'strncasecmp' [-Wbuiltin-declaration-mismatch]
 char strncasecmp ();
      ^~~~~~~~~~~
configure:7384: $? = 0
configure:7384: result: yes
configure:7384: checking for strstr
configure:7384: gcc -o conftest -g -O2 -I/usr/include -DENABLE_ZLIB -I/usr/include -DENABLE_SSL   -L/usr/lib -L/usr/lib conftest.c -lssl -lz -lm -lcrypto -lcrypt  >&5
conftest.c:90:6: warning: conflicting types for built-in function 'strstr' [-Wbuiltin-declaration-mismatch]
 char strstr ();
      ^~~~~~
configure:7384: $? = 0
configure:7384: result: yes
configure:7506: checking that generated files are newer than configure
configure:7512: result: done
configure:7587: creating ./config.status

## ---------------------- ##
## Running config.status. ##
## ---------------------- ##

This file was extended by junkbox_lib config.status 1.8.2, which was
generated by GNU Autoconf 2.69.  Invocation command line was

  CONFIG_FILES    = 
  CONFIG_HEADERS  = 
  CONFIG_LINKS    = 
  CONFIG_COMMANDS = 
  $ ./config.status 

on antares

config.status:968: creating Makefile
config.status:968: creating Lib/Makefile
config.status:968: creating xLib/Makefile
config.status:968: creating gLib/Makefile
config.status:968: creating C++Lib/Makefile
config.status:968: creating C++Lib/BasicLib/Makefile
config.status:968: creating C++Lib/GraphLib/Makefile
config.status:968: creating C++Lib/MathLib/Makefile
config.status:968: creating C++Lib/BREPLib/Makefile
config.status:968: creating C++Lib/ExtendLib/Makefile
config.status:968: creating C++Lib/MeshLib/Makefile
config.status:968: creating Tools/Makefile
config.status:968: creating config.h
config.status:1197: executing depfiles commands
config.status:1274: cd Lib       && sed -e '/# am--include-marker/d' Makefile         | make -f - am--depfiles
make[1]: Entering directory '/root/lticontainerspawner/JunkBox_Lib/Lib'
make[1]: Leaving directory '/root/lticontainerspawner/JunkBox_Lib/Lib'
config.status:1279: $? = 0
config.status:1274: cd xLib       && sed -e '/# am--include-marker/d' Makefile         | make -f - am--depfiles
make[1]: Entering directory '/root/lticontainerspawner/JunkBox_Lib/xLib'
make[1]: Leaving directory '/root/lticontainerspawner/JunkBox_Lib/xLib'
config.status:1279: $? = 0
config.status:1274: cd gLib       && sed -e '/# am--include-marker/d' Makefile         | make -f - am--depfiles
make[1]: Entering directory '/root/lticontainerspawner/JunkBox_Lib/gLib'
make[1]: Leaving directory '/root/lticontainerspawner/JunkBox_Lib/gLib'
config.status:1279: $? = 0
config.status:1274: cd C++Lib/BasicLib       && sed -e '/# am--include-marker/d' Makefile         | make -f - am--depfiles
make[1]: Entering directory '/root/lticontainerspawner/JunkBox_Lib/C++Lib/BasicLib'
make[1]: Leaving directory '/root/lticontainerspawner/JunkBox_Lib/C++Lib/BasicLib'
config.status:1279: $? = 0
config.status:1274: cd C++Lib/GraphLib       && sed -e '/# am--include-marker/d' Makefile         | make -f - am--depfiles
make[1]: Entering directory '/root/lticontainerspawner/JunkBox_Lib/C++Lib/GraphLib'
make[1]: Leaving directory '/root/lticontainerspawner/JunkBox_Lib/C++Lib/GraphLib'
config.status:1279: $? = 0
config.status:1274: cd C++Lib/MathLib       && sed -e '/# am--include-marker/d' Makefile         | make -f - am--depfiles
make[1]: Entering directory '/root/lticontainerspawner/JunkBox_Lib/C++Lib/MathLib'
make[1]: Leaving directory '/root/lticontainerspawner/JunkBox_Lib/C++Lib/MathLib'
config.status:1279: $? = 0
config.status:1274: cd C++Lib/BREPLib       && sed -e '/# am--include-marker/d' Makefile         | make -f - am--depfiles
make[1]: Entering directory '/root/lticontainerspawner/JunkBox_Lib/C++Lib/BREPLib'
make[1]: Leaving directory '/root/lticontainerspawner/JunkBox_Lib/C++Lib/BREPLib'
config.status:1279: $? = 0
config.status:1274: cd C++Lib/ExtendLib       && sed -e '/# am--include-marker/d' Makefile         | make -f - am--depfiles
make[1]: Entering directory '/root/lticontainerspawner/JunkBox_Lib/C++Lib/ExtendLib'
make[1]: Leaving directory '/root/lticontainerspawner/JunkBox_Lib/C++Lib/ExtendLib'
config.status:1279: $? = 0
config.status:1274: cd C++Lib/MeshLib       && sed -e '/# am--include-marker/d' Makefile         | make -f - am--depfiles
make[1]: Entering directory '/root/lticontainerspawner/JunkBox_Lib/C++Lib/MeshLib'
make[1]: Leaving directory '/root/lticontainerspawner/JunkBox_Lib/C++Lib/MeshLib'
config.status:1279: $? = 0
config.status:1274: cd Tools       && sed -e '/# am--include-marker/d' Makefile         | make -f - am--depfiles
make[1]: Entering directory '/root/lticontainerspawner/JunkBox_Lib/Tools'
make[1]: Leaving directory '/root/lticontainerspawner/JunkBox_Lib/Tools'
config.status:1279: $? = 0

## ---------------- ##
## Cache variables. ##
## ---------------- ##

ac_cv_c_compiler_gnu=yes
ac_cv_c_const=yes
ac_cv_c_inline=inline
ac_cv_cxx_compiler_gnu=yes
ac_cv_env_CCC_set=
ac_cv_env_CCC_value=
ac_cv_env_CC_set=
ac_cv_env_CC_value=
ac_cv_env_CFLAGS_set=
ac_cv_env_CFLAGS_value=
ac_cv_env_CPPFLAGS_set=
ac_cv_env_CPPFLAGS_value=
ac_cv_env_CPP_set=
ac_cv_env_CPP_value=
ac_cv_env_CXXFLAGS_set=
ac_cv_env_CXXFLAGS_value=
ac_cv_env_CXX_set=
ac_cv_env_CXX_value=
ac_cv_env_LDFLAGS_set=
ac_cv_env_LDFLAGS_value=
ac_cv_env_LIBS_set=
ac_cv_env_LIBS_value=
ac_cv_env_XMKMF_set=
ac_cv_env_XMKMF_value=
ac_cv_env_build_alias_set=
ac_cv_env_build_alias_value=
ac_cv_env_host_alias_set=
ac_cv_env_host_alias_value=
ac_cv_env_target_alias_set=
ac_cv_env_target_alias_value=
ac_cv_func__doprnt=no
ac_cv_func_connect=yes
ac_cv_func_gethostbyaddr=yes
ac_cv_func_gethostbyname=yes
ac_cv_func_getspnam=yes
ac_cv_func_localeconv=yes
ac_cv_func_lstat_dereferences_slashed_symlink=yes
ac_cv_func_memset=yes
ac_cv_func_remove=yes
ac_cv_func_select=yes
ac_cv_func_select_args='int,fd_set *,struct timeval *'
ac_cv_func_shmat=yes
ac_cv_func_socket=yes
ac_cv_func_sqrt=yes
ac_cv_func_stat_empty_string_bug=no
ac_cv_func_strcasecmp=yes
ac_cv_func_strncasecmp=yes
ac_cv_func_strstr=yes
ac_cv_func_vprintf=yes
ac_cv_have_x='have_x=yes	ac_x_includes='\'''\''	ac_x_libraries='\'''\'''
ac_cv_header_arpa_inet_h=yes
ac_cv_header_crypt_h=yes
ac_cv_header_fcntl_h=yes
ac_cv_header_inttypes_h=yes
ac_cv_header_locale_h=yes
ac_cv_header_memory_h=yes
ac_cv_header_netdb_h=yes
ac_cv_header_netinet_in_h=yes
ac_cv_header_openssl_ssl_h=yes
ac_cv_header_rpcsvc_ypclnt_h=no
ac_cv_header_shadow_h=yes
ac_cv_header_stdbool_h=yes
ac_cv_header_stdc=yes
ac_cv_header_stdint_h=yes
ac_cv_header_stdlib_h=yes
ac_cv_header_string_h=yes
ac_cv_header_strings_h=yes
ac_cv_header_sys_errno_h=yes
ac_cv_header_sys_ioctl_h=yes
ac_cv_header_sys_param_h=yes
ac_cv_header_sys_select_h=yes
ac_cv_header_sys_socket_h=yes
ac_cv_header_sys_sockio_h=no
ac_cv_header_sys_stat_h=yes
ac_cv_header_sys_time_h=yes
ac_cv_header_sys_types_h=yes
ac_cv_header_sys_wait_h=yes
ac_cv_header_syslog_h=yes
ac_cv_header_time=yes
ac_cv_header_time_h=yes
ac_cv_header_unistd_h=yes
ac_cv_header_zlib_h=yes
ac_cv_lib_ICE_IceConnectionNumber=yes
ac_cv_lib_crypt_main=yes
ac_cv_lib_crypto_main=yes
ac_cv_lib_m_main=yes
ac_cv_lib_nsl_main=no
ac_cv_lib_pam_main=no
ac_cv_lib_socket_main=no
ac_cv_lib_ssl_main=yes
ac_cv_lib_z_main=yes
ac_cv_objext=o
ac_cv_path_EGREP='/usr/bin/grep -E'
ac_cv_path_GREP=/usr/bin/grep
ac_cv_path_install='/usr/bin/install -c'
ac_cv_path_mkdir=/usr/bin/mkdir
ac_cv_prog_AWK=gawk
ac_cv_prog_CPP='gcc -E'
ac_cv_prog_ac_ct_CC=gcc
ac_cv_prog_ac_ct_CXX=g++
ac_cv_prog_ac_ct_RANLIB=ranlib
ac_cv_prog_cc_c89=
ac_cv_prog_cc_g=yes
ac_cv_prog_cxx_g=yes
ac_cv_prog_gcc_traditional=no
ac_cv_prog_make_make_set=yes
ac_cv_struct_tm=time.h
ac_cv_type__Bool=yes
ac_cv_type_mode_t=yes
ac_cv_type_pid_t=yes
am_cv_CC_dependencies_compiler_type=gcc3
am_cv_CXX_dependencies_compiler_type=gcc3
am_cv_make_support_nested_variables=yes
am_cv_prog_cc_c_o=yes

## ----------------- ##
## Output variables. ##
## ----------------- ##

ACLOCAL='aclocal-1.16'
AMDEPBACKSLASH='\'
AMDEP_FALSE='#'
AMDEP_TRUE=''
AMTAR='$${TAR-tar}'
AM_BACKSLASH='\'
AM_DEFAULT_V='$(AM_DEFAULT_VERBOSITY)'
AM_DEFAULT_VERBOSITY='1'
AM_V='$(V)'
AUTOCONF='autoconf'
AUTOHEADER='autoheader'
AUTOMAKE='automake-1.16'
AWK='gawk'
CC='gcc'
CCDEPMODE='depmode=gcc3'
CFLAGS='-g -O2 -I/usr/include -DENABLE_ZLIB -I/usr/include -DENABLE_SSL'
CPP='gcc -E'
CPPFLAGS=''
CXX='g++'
CXXDEPMODE='depmode=gcc3'
CXXFLAGS='-g -O2 -I/usr/include -DENABLE_ZLIB -I/usr/include -DENABLE_SSL'
CYGPATH_W='echo'
DB_INC_DIR=''
DB_LIB_DIR=''
DEBUG=''
DEFS='-DHAVE_CONFIG_H'
DEPDIR='.deps'
DISABLE_WIN_FALSE='#'
DISABLE_WIN_TRUE=''
ECHO_C=''
ECHO_N='-n'
ECHO_T=''
EGREP='/usr/bin/grep -E'
ENABLE_DB=''
ENABLE_DBFNC_FALSE=''
ENABLE_DBFNC_TRUE='#'
ENABLE_GLIB_FALSE='#'
ENABLE_GLIB_TRUE=''
ENABLE_JPEG=''
ENABLE_JPEGFNC_FALSE=''
ENABLE_JPEGFNC_TRUE='#'
ENABLE_LDAP=''
ENABLE_LDAPFNC_FALSE=''
ENABLE_LDAPFNC_TRUE='#'
ENABLE_MYSQL=''
ENABLE_MYSQLFNC_FALSE=''
ENABLE_MYSQLFNC_TRUE='#'
ENABLE_OPENJPEG15_FALSE=''
ENABLE_OPENJPEG15_TRUE='#'
ENABLE_OPENJPEG=''
ENABLE_OPENJPEGFNC_FALSE=''
ENABLE_OPENJPEGFNC_TRUE='#'
ENABLE_SSL='-DENABLE_SSL'
ENABLE_SSLFNC_FALSE='#'
ENABLE_SSLFNC_TRUE=''
ENABLE_WIN_FALSE=''
ENABLE_WIN_TRUE='#'
ENABLE_X11_FALSE='#'
ENABLE_X11_TRUE=''
ENABLE_ZLIB='-DENABLE_ZLIB'
ENABLE_ZLIBFNC_FALSE='#'
ENABLE_ZLIBFNC_TRUE=''
EXEEXT=''
GREP='/usr/bin/grep'
INSTALL_DATA='${INSTALL} -m 644'
INSTALL_PROGRAM='${INSTALL}'
INSTALL_SCRIPT='${INSTALL}'
INSTALL_STRIP_PROGRAM='$(install_sh) -c -s'
JPEG_INC_DIR=''
JPEG_LIB_DIR=''
LDAP_INC_DIR=''
LDAP_LIB_DIR=''
LDFLAGS=' -L/usr/lib -L/usr/lib'
LIBOBJS=''
LIBS='-lssl -lz -lm -lcrypto -lcrypt '
LTLIBOBJS=''
MAKEINFO='makeinfo'
MKDIR_P='/usr/bin/mkdir -p'
MYSQL_INC_DIR=''
MYSQL_LIB_DIR=''
OBJEXT='o'
OPENJPEG_INC_DIR=''
OPENJPEG_LIB_DIR=''
PACKAGE='JunkBox_Lib'
PACKAGE_BUGREPORT='fiseki@star-dust.jp'
PACKAGE_NAME='junkbox_lib'
PACKAGE_STRING='junkbox_lib 1.8.2'
PACKAGE_TARNAME='JunkBox_Lib'
PACKAGE_URL=''
PACKAGE_VERSION='1.8.2'
PATH_SEPARATOR=':'
RANLIB='ranlib'
SET_MAKE=''
SHELL='/bin/sh'
SSL_INC_DIR='-I/usr/include'
SSL_LIB_DIR='-L/usr/lib'
STRIP=''
VERSION='1.8.2'
XMKMF=''
X_CFLAGS='-I/usr/include/X11'
X_EXTRA_LIBS=''
X_LIBS=''
X_PRE_LIBS=' -lSM -lICE'
ZLIB_INC_DIR='-I/usr/include'
ZLIB_LIB_DIR='-L/usr/lib'
ac_ct_CC='gcc'
ac_ct_CXX='g++'
am__EXEEXT_FALSE=''
am__EXEEXT_TRUE='#'
am__fastdepCC_FALSE='#'
am__fastdepCC_TRUE=''
am__fastdepCXX_FALSE='#'
am__fastdepCXX_TRUE=''
am__include='include'
am__isrc=''
am__leading_dot='.'
am__nodep='_no'
am__quote=''
am__tar='$${TAR-tar} chof - "$$tardir"'
am__untar='$${TAR-tar} xf -'
bindir='${exec_prefix}/bin'
build_alias=''
datadir='${datarootdir}'
datarootdir='${prefix}/share'
docdir='${datarootdir}/doc/${PACKAGE_TARNAME}'
dvidir='${docdir}'
exec_prefix='${prefix}'
host_alias=''
htmldir='${docdir}'
includedir='${prefix}/include'
infodir='${datarootdir}/info'
install_sh='${SHELL} /root/lticontainerspawner/JunkBox_Lib/install-sh'
libdir='${exec_prefix}/lib'
libexecdir='${exec_prefix}/libexec'
localedir='${datarootdir}/locale'
localstatedir='${prefix}/var'
mandir='${datarootdir}/man'
mkdir_p='$(MKDIR_P)'
oldincludedir='/usr/include'
pdfdir='${docdir}'
prefix='/usr/local'
program_transform_name='s,x,x,'
psdir='${docdir}'
sbindir='${exec_prefix}/sbin'
sharedstatedir='${prefix}/com'
sysconfdir='${prefix}/etc'
target_alias=''

## ----------- ##
## confdefs.h. ##
## ----------- ##

/* confdefs.h */
#define PACKAGE_NAME "junkbox_lib"
#define PACKAGE_TARNAME "JunkBox_Lib"
#define PACKAGE_VERSION "1.8.2"
#define PACKAGE_STRING "junkbox_lib 1.8.2"
#define PACKAGE_BUGREPORT "fiseki@star-dust.jp"
#define PACKAGE_URL ""
#define PACKAGE "JunkBox_Lib"
#define VERSION "1.8.2"
#define HAVE_LIBCRYPT 1
#define HAVE_LIBCRYPTO 1
#define HAVE_LIBM 1
#define HAVE_LIBZ 1
#define HAVE_LIBSSL 1
#define STDC_HEADERS 1
#define HAVE_SYS_WAIT_H 1
#define HAVE_SYS_TYPES_H 1
#define HAVE_SYS_STAT_H 1
#define HAVE_STDLIB_H 1
#define HAVE_STRING_H 1
#define HAVE_MEMORY_H 1
#define HAVE_STRINGS_H 1
#define HAVE_INTTYPES_H 1
#define HAVE_STDINT_H 1
#define HAVE_UNISTD_H 1
#define HAVE_SYS_SOCKET_H 1
#define HAVE_SYS_ERRNO_H 1
#define HAVE_LOCALE_H 1
#define HAVE_SYSLOG_H 1
#define HAVE_CRYPT_H 1
#define HAVE_ARPA_INET_H 1
#define HAVE_FCNTL_H 1
#define HAVE_NETDB_H 1
#define HAVE_NETINET_IN_H 1
#define HAVE_SHADOW_H 1
#define HAVE_STDLIB_H 1
#define HAVE_STRING_H 1
#define HAVE_SYS_IOCTL_H 1
#define HAVE_SYS_PARAM_H 1
#define HAVE_SYS_SOCKET_H 1
#define HAVE_TIME_H 1
#define HAVE_SYS_TIME_H 1
#define HAVE_UNISTD_H 1
#define HAVE_ZLIB_H 1
#define HAVE_OPENSSL_SSL_H 1
#define HAVE__BOOL 1
#define HAVE_STDBOOL_H 1
#define TIME_WITH_SYS_TIME 1
#define HAVE_SYS_SELECT_H 1
#define HAVE_SYS_SOCKET_H 1
#define SELECT_TYPE_ARG1 int
#define SELECT_TYPE_ARG234 (fd_set *)
#define SELECT_TYPE_ARG5 (struct timeval *)
#define LSTAT_FOLLOWS_SLASHED_SYMLINK 1
#define HAVE_VPRINTF 1
#define HAVE_LOCALECONV 1
#define HAVE_GETHOSTBYADDR 1
#define HAVE_GETHOSTBYNAME 1
#define HAVE_GETSPNAM 1
#define HAVE_MEMSET 1
#define HAVE_SELECT 1
#define HAVE_SOCKET 1
#define HAVE_SQRT 1
#define HAVE_STRCASECMP 1
#define HAVE_STRNCASECMP 1
#define HAVE_STRSTR 1

configure: exit 0

## ---------------------- ##
## Running config.status. ##
## ---------------------- ##

This file was extended by junkbox_lib config.status 1.8.2, which was
generated by GNU Autoconf 2.69.  Invocation command line was

  CONFIG_FILES    = 
  CONFIG_HEADERS  = 
  CONFIG_LINKS    = 
  CONFIG_COMMANDS = 
  $ ./config.status config.h

on antares

config.status:968: creating config.h
